2026-02-22 15:54:37 [[31merror[39m] : Error fetching data for ^JKSE: Call `const yahooFinance = new YahooFinance()` first.  Upgrading from v2?  See https://github.com/gadicc/yahoo-finance2/blob/dev/docs/UPGRADING.md.
2026-02-22 15:55:34 [[31merror[39m] : Error fetching data for ^JKSE: Call `const yahooFinance = new YahooFinance()` first.  Upgrading from v2?  See https://github.com/gadicc/yahoo-finance2/blob/dev/docs/UPGRADING.md.
2026-02-22 19:01:24 [[31merror[39m] : Error fetching historical data for FREN.JK: No data found, symbol may be delisted
2026-02-22 19:01:24 [[31merror[39m] : ❌ Skip FREN.JK: No data found, symbol may be delisted
2026-02-22 19:01:24 [[31merror[39m] : Error fetching historical data for ACEN.JK: No data found, symbol may be delisted
2026-02-22 19:01:24 [[31merror[39m] : ❌ Skip ACEN.JK: No data found, symbol may be delisted
2026-02-22 19:01:25 [[31merror[39m] : Scanner Use Case Error: Plan executor error during findAndModify :: caused by :: E11000 duplicate key error collection: ultimate-bagger-bot.institutionaltickers index: _id_ dup key: { _id: ObjectId('699ac2bb858bb40bb9d92bf0') }
2026-02-22 19:07:07 [[31merror[39m] : Scanner Use Case Error: Plan executor error during findAndModify :: caused by :: E11000 duplicate key error collection: ultimate-bagger-bot.institutionaltickers index: _id_ dup key: { _id: ObjectId('699ac2bb858bb40bb9d92bf0') }
2026-02-22 19:10:19 [[31merror[39m] : Scanner Use Case Error: Plan executor error during findAndModify :: caused by :: E11000 duplicate key error collection: ultimate-bagger-bot.institutionaltickers index: _id_ dup key: { _id: ObjectId('699ac2bb858bb40bb9d92bf0') }
2026-02-22 19:18:54 [[31merror[39m] : Scanner Use Case Error: Plan executor error during findAndModify :: caused by :: E11000 duplicate key error collection: ultimate-bagger-bot.institutionaltickers index: _id_ dup key: { _id: ObjectId('699ac2bb858bb40bb9d92bf0') }
2026-02-22 19:20:29 [[31merror[39m] : Scanner Use Case Error: Plan executor error during findAndModify :: caused by :: E11000 duplicate key error collection: ultimate-bagger-bot.institutionaltickers index: _id_ dup key: { _id: ObjectId('699ac2bb858bb40bb9d92bf0') }
2026-02-22 19:26:41 [[31merror[39m] : Scanner Use Case Error: Plan executor error during findAndModify :: caused by :: E11000 duplicate key error collection: ultimate-bagger-bot.institutionaltickers index: _id_ dup key: { _id: ObjectId('699ac2bb858bb40bb9d92bf0') }
2026-02-22 19:29:12 [[31merror[39m] : Scanner Use Case Error: Plan executor error during findAndModify :: caused by :: E11000 duplicate key error collection: ultimate-bagger-bot.institutionaltickers index: config.symbol_1 dup key: { config.symbol: "BBCA.JK" }
2026-02-22 19:29:25 [[31merror[39m] : Scanner Use Case Error: Plan executor error during findAndModify :: caused by :: E11000 duplicate key error collection: ultimate-bagger-bot.institutionaltickers index: config.symbol_1 dup key: { config.symbol: "BBCA.JK" }
2026-02-22 19:31:00 [[31merror[39m] : Scanner Use Case Error: Plan executor error during findAndModify :: caused by :: E11000 duplicate key error collection: ultimate-bagger-bot.institutionaltickers index: config.symbol_1 dup key: { config.symbol: "BBCA.JK" }
2026-02-22 19:31:46 [[31merror[39m] : Scanner Use Case Error: Plan executor error during findAndModify :: caused by :: E11000 duplicate key error collection: ultimate-bagger-bot.institutionaltickers index: config.symbol_1 dup key: { config.symbol: "BBCA.JK" }
2026-02-22 19:37:26 [[31merror[39m] : Scanner Use Case Error: Plan executor error during findAndModify :: caused by :: E11000 duplicate key error collection: ultimate-bagger-bot.institutionaltickers index: config.symbol_1 dup key: { config.symbol: "BBCA.JK" }
2026-02-22 19:46:32 [[31merror[39m] : Error fetching top active symbols: yahooFinance.screener called with invalid options.
2026-02-22 19:46:33 [[31merror[39m] : Scanner Use Case Error: Plan executor error during findAndModify :: caused by :: E11000 duplicate key error collection: ultimate-bagger-bot.institutionaltickers index: config.symbol_1 dup key: { config.symbol: "BBCA.JK" }
2026-02-22 19:46:51 [[31merror[39m] : Error fetching top active symbols: yahooFinance.screener called with invalid options.
2026-02-22 19:46:52 [[31merror[39m] : Scanner Use Case Error: Plan executor error during findAndModify :: caused by :: E11000 duplicate key error collection: ultimate-bagger-bot.institutionaltickers index: config.symbol_1 dup key: { config.symbol: "BBCA.JK" }
2026-02-22 19:56:33 [[31merror[39m] : Error fetching historical data for NCEK.JK: No data found, symbol may be delisted
2026-02-22 19:56:33 [[31merror[39m] : ❌ Skip NCEK.JK: No data found, symbol may be delisted
2026-02-22 19:56:34 [[31merror[39m] : Error fetching historical data for MTEK.JK: No data found, symbol may be delisted
2026-02-22 19:56:34 [[31merror[39m] : ❌ Skip MTEK.JK: No data found, symbol may be delisted
2026-02-22 19:56:34 [[31merror[39m] : Scanner Use Case Error: Plan executor error during findAndModify :: caused by :: E11000 duplicate key error collection: ultimate-bagger-bot.institutionaltickers index: config.symbol_1 dup key: { config.symbol: "BBCA.JK" }
2026-02-22 19:56:50 [[31merror[39m] : Error fetching historical data for NCEK.JK: No data found, symbol may be delisted
2026-02-22 19:56:50 [[31merror[39m] : ❌ Skip NCEK.JK: No data found, symbol may be delisted
2026-02-22 19:56:50 [[31merror[39m] : Error fetching historical data for MTEK.JK: No data found, symbol may be delisted
2026-02-22 19:56:50 [[31merror[39m] : ❌ Skip MTEK.JK: No data found, symbol may be delisted
2026-02-22 19:56:50 [[31merror[39m] : Scanner Use Case Error: Plan executor error during findAndModify :: caused by :: E11000 duplicate key error collection: ultimate-bagger-bot.institutionaltickers index: config.symbol_1 dup key: { config.symbol: "BBCA.JK" }
2026-02-22 20:00:47 [[31merror[39m] : Error fetching historical data for NCEK.JK: No data found, symbol may be delisted
2026-02-22 20:00:47 [[31merror[39m] : ❌ Skip NCEK.JK: No data found, symbol may be delisted
2026-02-22 20:00:47 [[31merror[39m] : Error fetching historical data for MTEK.JK: No data found, symbol may be delisted
2026-02-22 20:00:47 [[31merror[39m] : ❌ Skip MTEK.JK: No data found, symbol may be delisted
2026-02-22 20:01:00 [[31merror[39m] : Error fetching historical data for NCEK.JK: No data found, symbol may be delisted
2026-02-22 20:01:00 [[31merror[39m] : ❌ Skip NCEK.JK: No data found, symbol may be delisted
2026-02-22 20:01:00 [[31merror[39m] : Error fetching historical data for MTEK.JK: No data found, symbol may be delisted
2026-02-22 20:01:00 [[31merror[39m] : ❌ Skip MTEK.JK: No data found, symbol may be delisted
2026-02-22 20:02:23 [[31merror[39m] : Error fetching historical data for NCEK.JK: No data found, symbol may be delisted
2026-02-22 20:02:23 [[31merror[39m] : ❌ Skip NCEK.JK: No data found, symbol may be delisted
2026-02-22 20:02:24 [[31merror[39m] : Error fetching historical data for MTEK.JK: No data found, symbol may be delisted
2026-02-22 20:02:24 [[31merror[39m] : ❌ Skip MTEK.JK: No data found, symbol may be delisted
2026-02-22 20:02:36 [[31merror[39m] : Error fetching historical data for NCEK.JK: No data found, symbol may be delisted
2026-02-22 20:02:36 [[31merror[39m] : ❌ Skip NCEK.JK: No data found, symbol may be delisted
2026-02-22 20:02:36 [[31merror[39m] : Error fetching historical data for MTEK.JK: No data found, symbol may be delisted
2026-02-22 20:02:36 [[31merror[39m] : ❌ Skip MTEK.JK: No data found, symbol may be delisted
2026-02-22 20:25:18 [[31merror[39m] : Error fetching historical data for NCEK.JK: No data found, symbol may be delisted
2026-02-22 20:25:18 [[31merror[39m] : ❌ Skip NCEK.JK: No data found, symbol may be delisted
2026-02-22 20:25:19 [[31merror[39m] : Error fetching historical data for MTEK.JK: No data found, symbol may be delisted
2026-02-22 20:25:19 [[31merror[39m] : ❌ Skip MTEK.JK: No data found, symbol may be delisted
